<?xml version="1.0" encoding="UTF-8"?>
<testng-results ignored="0" total="1" passed="1" failed="0" skipped="0">
  <reporter-output>
  </reporter-output>
  <suite started-at="2022-08-09T05:55:45 GMT-07:00" name="Default suite" finished-at="2022-08-09T05:55:46 GMT-07:00" duration-ms="1051">
    <groups>
      <group name="cucumber">
        <method signature="AbstractTestNGCucumberTests.runScenario(io.cucumber.testng.PickleWrapper,io.cucumber.testng.FeatureWrapper)[pri:0, instance:com.TestRunner.TestRunner@1be2019a]" name="runScenario" class="io.cucumber.testng.AbstractTestNGCucumberTests"/>
      </group> <!-- cucumber -->
    </groups>
    <test started-at="2022-08-09T05:55:45 GMT-07:00" name="Default test" finished-at="2022-08-09T05:55:46 GMT-07:00" duration-ms="1051">
      <class name="com.TestRunner.TestRunner">
        <test-method is-config="true" signature="setUpClass(org.testng.ITestContext)[pri:0, instance:com.TestRunner.TestRunner@1be2019a]" started-at="2022-08-09T05:55:45 GMT-07:00" name="setUpClass" finished-at="2022-08-09T05:55:45 GMT-07:00" duration-ms="687" status="PASS">
          <params>
            <param index="0">
              <value>
                <![CDATA[org.testng.TestRunner@1992eaf4]]>
              </value>
            </param>
          </params>
          <reporter-output>
          </reporter-output>
        </test-method> <!-- setUpClass -->
        <test-method signature="runScenario(io.cucumber.testng.PickleWrapper,io.cucumber.testng.FeatureWrapper)[pri:0, instance:com.TestRunner.TestRunner@1be2019a]" started-at="2022-08-09T05:55:45 GMT-07:00" name="runScenario" description="Runs Cucumber Scenarios" data-provider="scenarios" finished-at="2022-08-09T05:55:46 GMT-07:00" duration-ms="219" status="PASS">
          <params>
            <param index="0">
              <value>
                <![CDATA["Test the Username and Password field and fuctionality"]]>
              </value>
            </param>
            <param index="1">
              <value>
                <![CDATA["Optional[Test the Signup Page]"]]>
              </value>
            </param>
          </params>
          <reporter-output>
          </reporter-output>
        </test-method> <!-- runScenario -->
        <test-method is-config="true" signature="tearDownClass()[pri:0, instance:com.TestRunner.TestRunner@1be2019a]" started-at="2022-08-09T05:55:46 GMT-07:00" name="tearDownClass" finished-at="2022-08-09T05:55:46 GMT-07:00" duration-ms="53" status="PASS">
          <reporter-output>
          </reporter-output>
        </test-method> <!-- tearDownClass -->
      </class> <!-- com.TestRunner.TestRunner -->
    </test> <!-- Default test -->
  </suite> <!-- Default suite -->
</testng-results>
