<?xml version="1.0" encoding="UTF-8"?>
<testng-results ignored="0" total="1" passed="1" failed="0" skipped="0">
  <reporter-output>
  </reporter-output>
  <suite started-at="2022-07-27T04:16:36 GMT-07:00" name="Suite" finished-at="2022-07-27T04:16:36 GMT-07:00" duration-ms="100">
    <groups>
    </groups>
    <test started-at="2022-07-27T04:16:36 GMT-07:00" name="Test" finished-at="2022-07-27T04:16:36 GMT-07:00" duration-ms="100">
      <class name="learnlisteners.Listeners">
        <test-method signature="Test()[pri:0, instance:learnlisteners.Listeners@82de64a]" started-at="2022-07-27T04:16:36 GMT-07:00" name="Test" finished-at="2022-07-27T04:16:36 GMT-07:00" duration-ms="16" status="PASS">
          <reporter-output>
          </reporter-output>
        </test-method> <!-- Test -->
      </class> <!-- learnlisteners.Listeners -->
    </test> <!-- Test -->
  </suite> <!-- Suite -->
</testng-results>
