<?xml version="1.0" encoding="UTF-8"?>
<testng-results ignored="0" total="1" passed="1" failed="0" skipped="0">
  <reporter-output>
  </reporter-output>
  <suite started-at="2022-11-22T10:29:38 IST" name="Default suite" finished-at="2022-11-22T10:30:33 IST" duration-ms="55693">
    <groups>
    </groups>
    <test started-at="2022-11-22T10:29:38 IST" name="Default test" finished-at="2022-11-22T10:30:33 IST" duration-ms="55693">
      <class name="testCase.CartPage">
        <test-method signature="search()[pri:0, instance:testCase.CartPage@437da279]" started-at="2022-11-22T10:29:38 IST" name="search" finished-at="2022-11-22T10:30:33 IST" duration-ms="55591" status="PASS">
          <reporter-output>
          </reporter-output>
        </test-method> <!-- search -->
      </class> <!-- testCase.CartPage -->
    </test> <!-- Default test -->
  </suite> <!-- Default suite -->
</testng-results>
